<?xml version="1.0" encoding="UTF-8"?>
<!-- Generated by org.testng.reporters.JUnitReportReporter -->
<testsuite hostname="DESKTOP-ODDFSPD" failures="0" tests="1" name="testNGConcept.editLead" time="37.945" errors="0" timestamp="2024-08-03T12:49:05 IST" skipped="0">
  <testcase classname="testNGConcept.editLead" name="editLeadRun" time="37.945"/>
  <system-out/>
</testsuite> <!-- testNGConcept.editLead -->
