<?xml version="1.0" encoding="UTF-8"?>
<!-- Generated by org.testng.reporters.JUnitReportReporter -->
<testsuite hostname="DESKTOP-ODDFSPD" failures="0" tests="1" name="testNGConcept.deleteLead" time="51.736" errors="0" timestamp="2024-08-03T12:51:45 IST" skipped="0">
  <testcase classname="testNGConcept.deleteLead" name="deleteLeadRun" time="51.736"/>
  <system-out/>
</testsuite> <!-- testNGConcept.deleteLead -->
